<?xml version="1.0" encoding="UTF-8"?>
<testng-results ignored="0" total="1" passed="1" failed="0" skipped="0">
  <reporter-output>
  </reporter-output>
  <suite started-at="2023-04-04T10:24:25 CDT" name="Default suite" finished-at="2023-04-04T10:24:36 CDT" duration-ms="10882">
    <groups>
    </groups>
    <test started-at="2023-04-04T10:24:25 CDT" name="Default test" finished-at="2023-04-04T10:24:36 CDT" duration-ms="10882">
      <class name="Tests.LoginTest">
        <test-method is-config="true" signature="setup()[pri:0, instance:Tests.LoginTest@6da21078]" started-at="2023-04-04T10:24:25 CDT" name="setup" finished-at="2023-04-04T10:24:26 CDT" duration-ms="1325" status="PASS">
          <reporter-output>
          </reporter-output>
        </test-method> <!-- setup -->
        <test-method signature="loginTest()[pri:0, instance:Tests.LoginTest@6da21078]" started-at="2023-04-04T10:24:26 CDT" name="loginTest" finished-at="2023-04-04T10:24:36 CDT" duration-ms="9506" status="PASS">
          <reporter-output>
          </reporter-output>
        </test-method> <!-- loginTest -->
      </class> <!-- Tests.LoginTest -->
    </test> <!-- Default test -->
  </suite> <!-- Default suite -->
</testng-results>
